Analysis & Synthesis report for CEG3156-Lab3
Sat Jul 19 20:08:37 2025
Quartus II 64-Bit Version 13.1.0 Build 162 10/23/2013 SJ Web Edition


---------------------
; Table of Contents ;
---------------------
  1. Legal Notice
  2. Analysis & Synthesis Summary
  3. Analysis & Synthesis Settings
  4. Parallel Compilation
  5. Analysis & Synthesis Source Files Read
  6. Analysis & Synthesis Resource Usage Summary
  7. Analysis & Synthesis Resource Utilization by Entity
  8. Analysis & Synthesis RAM Summary
  9. General Register Statistics
 10. Source assignments for lpm_rom:InstructionMemory|altrom:srom|altsyncram:rom_block|altsyncram_9f01:auto_generated
 11. Parameter Settings for User Entity Instance: nbit2to1mux:PCmux
 12. Parameter Settings for User Entity Instance: nbitreg:PCReg
 13. Parameter Settings for User Entity Instance: nbitaddersubtractor:PCAdder
 14. Parameter Settings for User Entity Instance: lpm_rom:InstructionMemory
 15. Parameter Settings for User Entity Instance: nbitreg:IFID_reg
 16. Port Connectivity Checks: "nbitreg:IFID_reg"
 17. Port Connectivity Checks: "nbitaddersubtractor:PCAdder"
 18. Port Connectivity Checks: "nbitreg:PCReg"
 19. Elapsed Time Per Partition
 20. Analysis & Synthesis Messages



----------------
; Legal Notice ;
----------------
Copyright (C) 1991-2013 Altera Corporation
Your use of Altera Corporation's design tools, logic functions 
and other software and tools, and its AMPP partner logic 
functions, and any output files from any of the foregoing 
(including device programming or simulation files), and any 
associated documentation or information are expressly subject 
to the terms and conditions of the Altera Program License 
Subscription Agreement, Altera MegaCore Function License 
Agreement, or other applicable license agreement, including, 
without limitation, that your use is for the sole purpose of 
programming logic devices manufactured by Altera and sold by 
Altera or its authorized distributors.  Please refer to the 
applicable agreement for further details.



+---------------------------------------------------------------------------------+
; Analysis & Synthesis Summary                                                    ;
+------------------------------------+--------------------------------------------+
; Analysis & Synthesis Status        ; Successful - Sat Jul 19 20:08:37 2025      ;
; Quartus II 64-Bit Version          ; 13.1.0 Build 162 10/23/2013 SJ Web Edition ;
; Revision Name                      ; CEG3156-Lab3                               ;
; Top-level Entity Name              ; IF_stage                                   ;
; Family                             ; Cyclone IV E                               ;
; Total logic elements               ; 53                                         ;
;     Total combinational functions  ; 11                                         ;
;     Dedicated logic registers      ; 48                                         ;
; Total registers                    ; 48                                         ;
; Total pins                         ; 54                                         ;
; Total virtual pins                 ; 0                                          ;
; Total memory bits                  ; 2,048                                      ;
; Embedded Multiplier 9-bit elements ; 0                                          ;
; Total PLLs                         ; 0                                          ;
+------------------------------------+--------------------------------------------+


+----------------------------------------------------------------------------------------------------------------------+
; Analysis & Synthesis Settings                                                                                        ;
+----------------------------------------------------------------------------+--------------------+--------------------+
; Option                                                                     ; Setting            ; Default Value      ;
+----------------------------------------------------------------------------+--------------------+--------------------+
; Device                                                                     ; EP4CE115F29C7      ;                    ;
; Top-level entity name                                                      ; IF_stage           ; CEG3156-Lab3       ;
; Family name                                                                ; Cyclone IV E       ; Cyclone IV GX      ;
; Use smart compilation                                                      ; Off                ; Off                ;
; Enable parallel Assembler and TimeQuest Timing Analyzer during compilation ; On                 ; On                 ;
; Enable compact report table                                                ; Off                ; Off                ;
; Restructure Multiplexers                                                   ; Auto               ; Auto               ;
; Create Debugging Nodes for IP Cores                                        ; Off                ; Off                ;
; Preserve fewer node names                                                  ; On                 ; On                 ;
; Disable OpenCore Plus hardware evaluation                                  ; Off                ; Off                ;
; Verilog Version                                                            ; Verilog_2001       ; Verilog_2001       ;
; VHDL Version                                                               ; VHDL_1993          ; VHDL_1993          ;
; State Machine Processing                                                   ; Auto               ; Auto               ;
; Safe State Machine                                                         ; Off                ; Off                ;
; Extract Verilog State Machines                                             ; On                 ; On                 ;
; Extract VHDL State Machines                                                ; On                 ; On                 ;
; Ignore Verilog initial constructs                                          ; Off                ; Off                ;
; Iteration limit for constant Verilog loops                                 ; 5000               ; 5000               ;
; Iteration limit for non-constant Verilog loops                             ; 250                ; 250                ;
; Add Pass-Through Logic to Inferred RAMs                                    ; On                 ; On                 ;
; Infer RAMs from Raw Logic                                                  ; On                 ; On                 ;
; Parallel Synthesis                                                         ; On                 ; On                 ;
; DSP Block Balancing                                                        ; Auto               ; Auto               ;
; NOT Gate Push-Back                                                         ; On                 ; On                 ;
; Power-Up Don't Care                                                        ; On                 ; On                 ;
; Remove Redundant Logic Cells                                               ; Off                ; Off                ;
; Remove Duplicate Registers                                                 ; On                 ; On                 ;
; Ignore CARRY Buffers                                                       ; Off                ; Off                ;
; Ignore CASCADE Buffers                                                     ; Off                ; Off                ;
; Ignore GLOBAL Buffers                                                      ; Off                ; Off                ;
; Ignore ROW GLOBAL Buffers                                                  ; Off                ; Off                ;
; Ignore LCELL Buffers                                                       ; Off                ; Off                ;
; Ignore SOFT Buffers                                                        ; On                 ; On                 ;
; Limit AHDL Integers to 32 Bits                                             ; Off                ; Off                ;
; Optimization Technique                                                     ; Balanced           ; Balanced           ;
; Carry Chain Length                                                         ; 70                 ; 70                 ;
; Auto Carry Chains                                                          ; On                 ; On                 ;
; Auto Open-Drain Pins                                                       ; On                 ; On                 ;
; Perform WYSIWYG Primitive Resynthesis                                      ; Off                ; Off                ;
; Auto ROM Replacement                                                       ; On                 ; On                 ;
; Auto RAM Replacement                                                       ; On                 ; On                 ;
; Auto DSP Block Replacement                                                 ; On                 ; On                 ;
; Auto Shift Register Replacement                                            ; Auto               ; Auto               ;
; Allow Shift Register Merging across Hierarchies                            ; Auto               ; Auto               ;
; Auto Clock Enable Replacement                                              ; On                 ; On                 ;
; Strict RAM Replacement                                                     ; Off                ; Off                ;
; Allow Synchronous Control Signals                                          ; On                 ; On                 ;
; Force Use of Synchronous Clear Signals                                     ; Off                ; Off                ;
; Auto RAM Block Balancing                                                   ; On                 ; On                 ;
; Auto RAM to Logic Cell Conversion                                          ; Off                ; Off                ;
; Auto Resource Sharing                                                      ; Off                ; Off                ;
; Allow Any RAM Size For Recognition                                         ; Off                ; Off                ;
; Allow Any ROM Size For Recognition                                         ; Off                ; Off                ;
; Allow Any Shift Register Size For Recognition                              ; Off                ; Off                ;
; Use LogicLock Constraints during Resource Balancing                        ; On                 ; On                 ;
; Ignore translate_off and synthesis_off directives                          ; Off                ; Off                ;
; Timing-Driven Synthesis                                                    ; On                 ; On                 ;
; Report Parameter Settings                                                  ; On                 ; On                 ;
; Report Source Assignments                                                  ; On                 ; On                 ;
; Report Connectivity Checks                                                 ; On                 ; On                 ;
; Ignore Maximum Fan-Out Assignments                                         ; Off                ; Off                ;
; Synchronization Register Chain Length                                      ; 2                  ; 2                  ;
; PowerPlay Power Optimization                                               ; Normal compilation ; Normal compilation ;
; HDL message level                                                          ; Level2             ; Level2             ;
; Suppress Register Optimization Related Messages                            ; Off                ; Off                ;
; Number of Removed Registers Reported in Synthesis Report                   ; 5000               ; 5000               ;
; Number of Swept Nodes Reported in Synthesis Report                         ; 5000               ; 5000               ;
; Number of Inverted Registers Reported in Synthesis Report                  ; 100                ; 100                ;
; Clock MUX Protection                                                       ; On                 ; On                 ;
; Auto Gated Clock Conversion                                                ; Off                ; Off                ;
; Block Design Naming                                                        ; Auto               ; Auto               ;
; SDC constraint protection                                                  ; Off                ; Off                ;
; Synthesis Effort                                                           ; Auto               ; Auto               ;
; Shift Register Replacement - Allow Asynchronous Clear Signal               ; On                 ; On                 ;
; Pre-Mapping Resynthesis Optimization                                       ; Off                ; Off                ;
; Analysis & Synthesis Message Level                                         ; Medium             ; Medium             ;
; Disable Register Merging Across Hierarchies                                ; Auto               ; Auto               ;
; Resource Aware Inference For Block RAM                                     ; On                 ; On                 ;
; Synthesis Seed                                                             ; 1                  ; 1                  ;
+----------------------------------------------------------------------------+--------------------+--------------------+


Parallel compilation was disabled, but you have multiple processors available. Enable parallel compilation to reduce compilation time.
+-------------------------------------+
; Parallel Compilation                ;
+----------------------------+--------+
; Processors                 ; Number ;
+----------------------------+--------+
; Number detected on machine ; 20     ;
; Maximum allowed            ; 1      ;
+----------------------------+--------+


+------------------------------------------------------------------------------------------------------------------------------------------------------------------------+
; Analysis & Synthesis Source Files Read                                                                                                                                 ;
+----------------------------------+-----------------+----------------------------------+----------------------------------------------------------------------+---------+
; File Name with User-Entered Path ; Used in Netlist ; File Type                        ; File Name with Absolute Path                                         ; Library ;
+----------------------------------+-----------------+----------------------------------+----------------------------------------------------------------------+---------+
; nbitreg.vhd                      ; yes             ; User VHDL File                   ; C:/Users/harha/CEG3156-Lab3/nbitreg.vhd                              ;         ;
; nbitaddersubtractor.vhd          ; yes             ; User VHDL File                   ; C:/Users/harha/CEG3156-Lab3/nbitaddersubtractor.vhd                  ;         ;
; nbit2to1mux.vhd                  ; yes             ; User VHDL File                   ; C:/Users/harha/CEG3156-Lab3/nbit2to1mux.vhd                          ;         ;
; fulladder.vhd                    ; yes             ; User VHDL File                   ; C:/Users/harha/CEG3156-Lab3/fulladder.vhd                            ;         ;
; enARdFF_2.vhd                    ; yes             ; User VHDL File                   ; C:/Users/harha/CEG3156-Lab3/enARdFF_2.vhd                            ;         ;
; rom_init.mif                     ; yes             ; User Memory Initialization File  ; C:/Users/harha/CEG3156-Lab3/rom_init.mif                             ;         ;
; IF_stage.vhd                     ; yes             ; User VHDL File                   ; C:/Users/harha/CEG3156-Lab3/IF_stage.vhd                             ;         ;
; lpm_rom.tdf                      ; yes             ; Megafunction                     ; c:/altera/13.1/quartus/libraries/megafunctions/lpm_rom.tdf           ;         ;
; altrom.inc                       ; yes             ; Megafunction                     ; c:/altera/13.1/quartus/libraries/megafunctions/altrom.inc            ;         ;
; aglobal131.inc                   ; yes             ; Megafunction                     ; c:/altera/13.1/quartus/libraries/megafunctions/aglobal131.inc        ;         ;
; altrom.tdf                       ; yes             ; Megafunction                     ; c:/altera/13.1/quartus/libraries/megafunctions/altrom.tdf            ;         ;
; memmodes.inc                     ; yes             ; Megafunction                     ; c:/altera/13.1/quartus/libraries/others/maxplus2/memmodes.inc        ;         ;
; lpm_decode.inc                   ; yes             ; Megafunction                     ; c:/altera/13.1/quartus/libraries/megafunctions/lpm_decode.inc        ;         ;
; lpm_mux.inc                      ; yes             ; Megafunction                     ; c:/altera/13.1/quartus/libraries/megafunctions/lpm_mux.inc           ;         ;
; altsyncram.inc                   ; yes             ; Megafunction                     ; c:/altera/13.1/quartus/libraries/megafunctions/altsyncram.inc        ;         ;
; altsyncram.tdf                   ; yes             ; Megafunction                     ; c:/altera/13.1/quartus/libraries/megafunctions/altsyncram.tdf        ;         ;
; stratix_ram_block.inc            ; yes             ; Megafunction                     ; c:/altera/13.1/quartus/libraries/megafunctions/stratix_ram_block.inc ;         ;
; a_rdenreg.inc                    ; yes             ; Megafunction                     ; c:/altera/13.1/quartus/libraries/megafunctions/a_rdenreg.inc         ;         ;
; altram.inc                       ; yes             ; Megafunction                     ; c:/altera/13.1/quartus/libraries/megafunctions/altram.inc            ;         ;
; altdpram.inc                     ; yes             ; Megafunction                     ; c:/altera/13.1/quartus/libraries/megafunctions/altdpram.inc          ;         ;
; db/altsyncram_9f01.tdf           ; yes             ; Auto-Generated Megafunction      ; C:/Users/harha/CEG3156-Lab3/db/altsyncram_9f01.tdf                   ;         ;
+----------------------------------+-----------------+----------------------------------+----------------------------------------------------------------------+---------+


+----------------------------------------------------------+
; Analysis & Synthesis Resource Usage Summary              ;
+---------------------------------------------+------------+
; Resource                                    ; Usage      ;
+---------------------------------------------+------------+
; Estimated Total logic elements              ; 53         ;
;                                             ;            ;
; Total combinational functions               ; 11         ;
; Logic element usage by number of LUT inputs ;            ;
;     -- 4 input functions                    ; 6          ;
;     -- 3 input functions                    ; 4          ;
;     -- <=2 input functions                  ; 1          ;
;                                             ;            ;
; Logic elements by mode                      ;            ;
;     -- normal mode                          ; 11         ;
;     -- arithmetic mode                      ; 0          ;
;                                             ;            ;
; Total registers                             ; 48         ;
;     -- Dedicated logic registers            ; 48         ;
;     -- I/O registers                        ; 0          ;
;                                             ;            ;
; I/O pins                                    ; 54         ;
; Total memory bits                           ; 2048       ;
; Embedded Multiplier 9-bit elements          ; 0          ;
; Maximum fan-out node                        ; GClk~input ;
; Maximum fan-out                             ; 80         ;
; Total fan-out                               ; 548        ;
; Average fan-out                             ; 2.75       ;
+---------------------------------------------+------------+


+-------------------------------------------------------------------------------------------------------------------------------------------------------------------------------------------------------------------------------------------------------------------------------+
; Analysis & Synthesis Resource Utilization by Entity                                                                                                                                                                                                                           ;
+----------------------------------------------+-------------------+--------------+-------------+--------------+---------+-----------+------+--------------+-----------------------------------------------------------------------------------------------------+--------------+
; Compilation Hierarchy Node                   ; LC Combinationals ; LC Registers ; Memory Bits ; DSP Elements ; DSP 9x9 ; DSP 18x18 ; Pins ; Virtual Pins ; Full Hierarchy Name                                                                                 ; Library Name ;
+----------------------------------------------+-------------------+--------------+-------------+--------------+---------+-----------+------+--------------+-----------------------------------------------------------------------------------------------------+--------------+
; |IF_stage                                    ; 11 (0)            ; 48 (0)       ; 2048        ; 0            ; 0       ; 0         ; 54   ; 0            ; |IF_stage                                                                                           ; work         ;
;    |lpm_rom:InstructionMemory|               ; 0 (0)             ; 0 (0)        ; 2048        ; 0            ; 0       ; 0         ; 0    ; 0            ; |IF_stage|lpm_rom:InstructionMemory                                                                 ; work         ;
;       |altrom:srom|                          ; 0 (0)             ; 0 (0)        ; 2048        ; 0            ; 0       ; 0         ; 0    ; 0            ; |IF_stage|lpm_rom:InstructionMemory|altrom:srom                                                     ; work         ;
;          |altsyncram:rom_block|              ; 0 (0)             ; 0 (0)        ; 2048        ; 0            ; 0       ; 0         ; 0    ; 0            ; |IF_stage|lpm_rom:InstructionMemory|altrom:srom|altsyncram:rom_block                                ; work         ;
;             |altsyncram_9f01:auto_generated| ; 0 (0)             ; 0 (0)        ; 2048        ; 0            ; 0       ; 0         ; 0    ; 0            ; |IF_stage|lpm_rom:InstructionMemory|altrom:srom|altsyncram:rom_block|altsyncram_9f01:auto_generated ; work         ;
;    |nbit2to1mux:PCmux|                       ; 8 (8)             ; 0 (0)        ; 0           ; 0            ; 0       ; 0         ; 0    ; 0            ; |IF_stage|nbit2to1mux:PCmux                                                                         ; work         ;
;    |nbitaddersubtractor:PCAdder|             ; 2 (0)             ; 0 (0)        ; 0           ; 0            ; 0       ; 0         ; 0    ; 0            ; |IF_stage|nbitaddersubtractor:PCAdder                                                               ; work         ;
;       |fulladder:\addersubtractor:5:FAi|     ; 2 (2)             ; 0 (0)        ; 0           ; 0            ; 0       ; 0         ; 0    ; 0            ; |IF_stage|nbitaddersubtractor:PCAdder|fulladder:\addersubtractor:5:FAi                              ; work         ;
;    |nbitreg:IFID_reg|                        ; 0 (0)             ; 40 (0)       ; 0           ; 0            ; 0       ; 0         ; 0    ; 0            ; |IF_stage|nbitreg:IFID_reg                                                                          ; work         ;
;       |enARdFF_2:\reg:0:biti|                ; 0 (0)             ; 1 (1)        ; 0           ; 0            ; 0       ; 0         ; 0    ; 0            ; |IF_stage|nbitreg:IFID_reg|enARdFF_2:\reg:0:biti                                                    ; work         ;
;       |enARdFF_2:\reg:10:biti|               ; 0 (0)             ; 1 (1)        ; 0           ; 0            ; 0       ; 0         ; 0    ; 0            ; |IF_stage|nbitreg:IFID_reg|enARdFF_2:\reg:10:biti                                                   ; work         ;
;       |enARdFF_2:\reg:11:biti|               ; 0 (0)             ; 1 (1)        ; 0           ; 0            ; 0       ; 0         ; 0    ; 0            ; |IF_stage|nbitreg:IFID_reg|enARdFF_2:\reg:11:biti                                                   ; work         ;
;       |enARdFF_2:\reg:12:biti|               ; 0 (0)             ; 1 (1)        ; 0           ; 0            ; 0       ; 0         ; 0    ; 0            ; |IF_stage|nbitreg:IFID_reg|enARdFF_2:\reg:12:biti                                                   ; work         ;
;       |enARdFF_2:\reg:13:biti|               ; 0 (0)             ; 1 (1)        ; 0           ; 0            ; 0       ; 0         ; 0    ; 0            ; |IF_stage|nbitreg:IFID_reg|enARdFF_2:\reg:13:biti                                                   ; work         ;
;       |enARdFF_2:\reg:14:biti|               ; 0 (0)             ; 1 (1)        ; 0           ; 0            ; 0       ; 0         ; 0    ; 0            ; |IF_stage|nbitreg:IFID_reg|enARdFF_2:\reg:14:biti                                                   ; work         ;
;       |enARdFF_2:\reg:15:biti|               ; 0 (0)             ; 1 (1)        ; 0           ; 0            ; 0       ; 0         ; 0    ; 0            ; |IF_stage|nbitreg:IFID_reg|enARdFF_2:\reg:15:biti                                                   ; work         ;
;       |enARdFF_2:\reg:16:biti|               ; 0 (0)             ; 1 (1)        ; 0           ; 0            ; 0       ; 0         ; 0    ; 0            ; |IF_stage|nbitreg:IFID_reg|enARdFF_2:\reg:16:biti                                                   ; work         ;
;       |enARdFF_2:\reg:17:biti|               ; 0 (0)             ; 1 (1)        ; 0           ; 0            ; 0       ; 0         ; 0    ; 0            ; |IF_stage|nbitreg:IFID_reg|enARdFF_2:\reg:17:biti                                                   ; work         ;
;       |enARdFF_2:\reg:18:biti|               ; 0 (0)             ; 1 (1)        ; 0           ; 0            ; 0       ; 0         ; 0    ; 0            ; |IF_stage|nbitreg:IFID_reg|enARdFF_2:\reg:18:biti                                                   ; work         ;
;       |enARdFF_2:\reg:19:biti|               ; 0 (0)             ; 1 (1)        ; 0           ; 0            ; 0       ; 0         ; 0    ; 0            ; |IF_stage|nbitreg:IFID_reg|enARdFF_2:\reg:19:biti                                                   ; work         ;
;       |enARdFF_2:\reg:1:biti|                ; 0 (0)             ; 1 (1)        ; 0           ; 0            ; 0       ; 0         ; 0    ; 0            ; |IF_stage|nbitreg:IFID_reg|enARdFF_2:\reg:1:biti                                                    ; work         ;
;       |enARdFF_2:\reg:20:biti|               ; 0 (0)             ; 1 (1)        ; 0           ; 0            ; 0       ; 0         ; 0    ; 0            ; |IF_stage|nbitreg:IFID_reg|enARdFF_2:\reg:20:biti                                                   ; work         ;
;       |enARdFF_2:\reg:21:biti|               ; 0 (0)             ; 1 (1)        ; 0           ; 0            ; 0       ; 0         ; 0    ; 0            ; |IF_stage|nbitreg:IFID_reg|enARdFF_2:\reg:21:biti                                                   ; work         ;
;       |enARdFF_2:\reg:22:biti|               ; 0 (0)             ; 1 (1)        ; 0           ; 0            ; 0       ; 0         ; 0    ; 0            ; |IF_stage|nbitreg:IFID_reg|enARdFF_2:\reg:22:biti                                                   ; work         ;
;       |enARdFF_2:\reg:23:biti|               ; 0 (0)             ; 1 (1)        ; 0           ; 0            ; 0       ; 0         ; 0    ; 0            ; |IF_stage|nbitreg:IFID_reg|enARdFF_2:\reg:23:biti                                                   ; work         ;
;       |enARdFF_2:\reg:24:biti|               ; 0 (0)             ; 1 (1)        ; 0           ; 0            ; 0       ; 0         ; 0    ; 0            ; |IF_stage|nbitreg:IFID_reg|enARdFF_2:\reg:24:biti                                                   ; work         ;
;       |enARdFF_2:\reg:25:biti|               ; 0 (0)             ; 1 (1)        ; 0           ; 0            ; 0       ; 0         ; 0    ; 0            ; |IF_stage|nbitreg:IFID_reg|enARdFF_2:\reg:25:biti                                                   ; work         ;
;       |enARdFF_2:\reg:26:biti|               ; 0 (0)             ; 1 (1)        ; 0           ; 0            ; 0       ; 0         ; 0    ; 0            ; |IF_stage|nbitreg:IFID_reg|enARdFF_2:\reg:26:biti                                                   ; work         ;
;       |enARdFF_2:\reg:27:biti|               ; 0 (0)             ; 1 (1)        ; 0           ; 0            ; 0       ; 0         ; 0    ; 0            ; |IF_stage|nbitreg:IFID_reg|enARdFF_2:\reg:27:biti                                                   ; work         ;
;       |enARdFF_2:\reg:28:biti|               ; 0 (0)             ; 1 (1)        ; 0           ; 0            ; 0       ; 0         ; 0    ; 0            ; |IF_stage|nbitreg:IFID_reg|enARdFF_2:\reg:28:biti                                                   ; work         ;
;       |enARdFF_2:\reg:29:biti|               ; 0 (0)             ; 1 (1)        ; 0           ; 0            ; 0       ; 0         ; 0    ; 0            ; |IF_stage|nbitreg:IFID_reg|enARdFF_2:\reg:29:biti                                                   ; work         ;
;       |enARdFF_2:\reg:2:biti|                ; 0 (0)             ; 1 (1)        ; 0           ; 0            ; 0       ; 0         ; 0    ; 0            ; |IF_stage|nbitreg:IFID_reg|enARdFF_2:\reg:2:biti                                                    ; work         ;
;       |enARdFF_2:\reg:30:biti|               ; 0 (0)             ; 1 (1)        ; 0           ; 0            ; 0       ; 0         ; 0    ; 0            ; |IF_stage|nbitreg:IFID_reg|enARdFF_2:\reg:30:biti                                                   ; work         ;
;       |enARdFF_2:\reg:31:biti|               ; 0 (0)             ; 1 (1)        ; 0           ; 0            ; 0       ; 0         ; 0    ; 0            ; |IF_stage|nbitreg:IFID_reg|enARdFF_2:\reg:31:biti                                                   ; work         ;
;       |enARdFF_2:\reg:32:biti|               ; 0 (0)             ; 1 (1)        ; 0           ; 0            ; 0       ; 0         ; 0    ; 0            ; |IF_stage|nbitreg:IFID_reg|enARdFF_2:\reg:32:biti                                                   ; work         ;
;       |enARdFF_2:\reg:33:biti|               ; 0 (0)             ; 1 (1)        ; 0           ; 0            ; 0       ; 0         ; 0    ; 0            ; |IF_stage|nbitreg:IFID_reg|enARdFF_2:\reg:33:biti                                                   ; work         ;
;       |enARdFF_2:\reg:34:biti|               ; 0 (0)             ; 1 (1)        ; 0           ; 0            ; 0       ; 0         ; 0    ; 0            ; |IF_stage|nbitreg:IFID_reg|enARdFF_2:\reg:34:biti                                                   ; work         ;
;       |enARdFF_2:\reg:35:biti|               ; 0 (0)             ; 1 (1)        ; 0           ; 0            ; 0       ; 0         ; 0    ; 0            ; |IF_stage|nbitreg:IFID_reg|enARdFF_2:\reg:35:biti                                                   ; work         ;
;       |enARdFF_2:\reg:36:biti|               ; 0 (0)             ; 1 (1)        ; 0           ; 0            ; 0       ; 0         ; 0    ; 0            ; |IF_stage|nbitreg:IFID_reg|enARdFF_2:\reg:36:biti                                                   ; work         ;
;       |enARdFF_2:\reg:37:biti|               ; 0 (0)             ; 1 (1)        ; 0           ; 0            ; 0       ; 0         ; 0    ; 0            ; |IF_stage|nbitreg:IFID_reg|enARdFF_2:\reg:37:biti                                                   ; work         ;
;       |enARdFF_2:\reg:38:biti|               ; 0 (0)             ; 1 (1)        ; 0           ; 0            ; 0       ; 0         ; 0    ; 0            ; |IF_stage|nbitreg:IFID_reg|enARdFF_2:\reg:38:biti                                                   ; work         ;
;       |enARdFF_2:\reg:39:biti|               ; 0 (0)             ; 1 (1)        ; 0           ; 0            ; 0       ; 0         ; 0    ; 0            ; |IF_stage|nbitreg:IFID_reg|enARdFF_2:\reg:39:biti                                                   ; work         ;
;       |enARdFF_2:\reg:3:biti|                ; 0 (0)             ; 1 (1)        ; 0           ; 0            ; 0       ; 0         ; 0    ; 0            ; |IF_stage|nbitreg:IFID_reg|enARdFF_2:\reg:3:biti                                                    ; work         ;
;       |enARdFF_2:\reg:4:biti|                ; 0 (0)             ; 1 (1)        ; 0           ; 0            ; 0       ; 0         ; 0    ; 0            ; |IF_stage|nbitreg:IFID_reg|enARdFF_2:\reg:4:biti                                                    ; work         ;
;       |enARdFF_2:\reg:5:biti|                ; 0 (0)             ; 1 (1)        ; 0           ; 0            ; 0       ; 0         ; 0    ; 0            ; |IF_stage|nbitreg:IFID_reg|enARdFF_2:\reg:5:biti                                                    ; work         ;
;       |enARdFF_2:\reg:6:biti|                ; 0 (0)             ; 1 (1)        ; 0           ; 0            ; 0       ; 0         ; 0    ; 0            ; |IF_stage|nbitreg:IFID_reg|enARdFF_2:\reg:6:biti                                                    ; work         ;
;       |enARdFF_2:\reg:7:biti|                ; 0 (0)             ; 1 (1)        ; 0           ; 0            ; 0       ; 0         ; 0    ; 0            ; |IF_stage|nbitreg:IFID_reg|enARdFF_2:\reg:7:biti                                                    ; work         ;
;       |enARdFF_2:\reg:8:biti|                ; 0 (0)             ; 1 (1)        ; 0           ; 0            ; 0       ; 0         ; 0    ; 0            ; |IF_stage|nbitreg:IFID_reg|enARdFF_2:\reg:8:biti                                                    ; work         ;
;       |enARdFF_2:\reg:9:biti|                ; 0 (0)             ; 1 (1)        ; 0           ; 0            ; 0       ; 0         ; 0    ; 0            ; |IF_stage|nbitreg:IFID_reg|enARdFF_2:\reg:9:biti                                                    ; work         ;
;    |nbitreg:PCReg|                           ; 1 (0)             ; 8 (0)        ; 0           ; 0            ; 0       ; 0         ; 0    ; 0            ; |IF_stage|nbitreg:PCReg                                                                             ; work         ;
;       |enARdFF_2:\reg:0:biti|                ; 1 (1)             ; 1 (1)        ; 0           ; 0            ; 0       ; 0         ; 0    ; 0            ; |IF_stage|nbitreg:PCReg|enARdFF_2:\reg:0:biti                                                       ; work         ;
;       |enARdFF_2:\reg:1:biti|                ; 0 (0)             ; 1 (1)        ; 0           ; 0            ; 0       ; 0         ; 0    ; 0            ; |IF_stage|nbitreg:PCReg|enARdFF_2:\reg:1:biti                                                       ; work         ;
;       |enARdFF_2:\reg:2:biti|                ; 0 (0)             ; 1 (1)        ; 0           ; 0            ; 0       ; 0         ; 0    ; 0            ; |IF_stage|nbitreg:PCReg|enARdFF_2:\reg:2:biti                                                       ; work         ;
;       |enARdFF_2:\reg:3:biti|                ; 0 (0)             ; 1 (1)        ; 0           ; 0            ; 0       ; 0         ; 0    ; 0            ; |IF_stage|nbitreg:PCReg|enARdFF_2:\reg:3:biti                                                       ; work         ;
;       |enARdFF_2:\reg:4:biti|                ; 0 (0)             ; 1 (1)        ; 0           ; 0            ; 0       ; 0         ; 0    ; 0            ; |IF_stage|nbitreg:PCReg|enARdFF_2:\reg:4:biti                                                       ; work         ;
;       |enARdFF_2:\reg:5:biti|                ; 0 (0)             ; 1 (1)        ; 0           ; 0            ; 0       ; 0         ; 0    ; 0            ; |IF_stage|nbitreg:PCReg|enARdFF_2:\reg:5:biti                                                       ; work         ;
;       |enARdFF_2:\reg:6:biti|                ; 0 (0)             ; 1 (1)        ; 0           ; 0            ; 0       ; 0         ; 0    ; 0            ; |IF_stage|nbitreg:PCReg|enARdFF_2:\reg:6:biti                                                       ; work         ;
;       |enARdFF_2:\reg:7:biti|                ; 0 (0)             ; 1 (1)        ; 0           ; 0            ; 0       ; 0         ; 0    ; 0            ; |IF_stage|nbitreg:PCReg|enARdFF_2:\reg:7:biti                                                       ; work         ;
+----------------------------------------------+-------------------+--------------+-------------+--------------+---------+-----------+------+--------------+-----------------------------------------------------------------------------------------------------+--------------+
Note: For table entries with two numbers listed, the numbers in parentheses indicate the number of resources of the given type used by the specific entity alone. The numbers listed outside of parentheses indicate the total resources of the given type used by the specific entity and all of its sub-entities in the hierarchy.


+------------------------------------------------------------------------------------------------------------------------------------------------------------------------------------------------------+
; Analysis & Synthesis RAM Summary                                                                                                                                                                     ;
+------------------------------------------------------------------------------------------------------+------+------+--------------+--------------+--------------+--------------+------+--------------+
; Name                                                                                                 ; Type ; Mode ; Port A Depth ; Port A Width ; Port B Depth ; Port B Width ; Size ; MIF          ;
+------------------------------------------------------------------------------------------------------+------+------+--------------+--------------+--------------+--------------+------+--------------+
; lpm_rom:InstructionMemory|altrom:srom|altsyncram:rom_block|altsyncram_9f01:auto_generated|ALTSYNCRAM ; AUTO ; ROM  ; 64           ; 32           ; --           ; --           ; 2048 ; rom_init.mif ;
+------------------------------------------------------------------------------------------------------+------+------+--------------+--------------+--------------+--------------+------+--------------+


+------------------------------------------------------+
; General Register Statistics                          ;
+----------------------------------------------+-------+
; Statistic                                    ; Value ;
+----------------------------------------------+-------+
; Total registers                              ; 48    ;
; Number of registers using Synchronous Clear  ; 0     ;
; Number of registers using Synchronous Load   ; 0     ;
; Number of registers using Asynchronous Clear ; 48    ;
; Number of registers using Asynchronous Load  ; 0     ;
; Number of registers using Clock Enable       ; 48    ;
; Number of registers using Preset             ; 0     ;
+----------------------------------------------+-------+


+------------------------------------------------------------------------------------------------------------------+
; Source assignments for lpm_rom:InstructionMemory|altrom:srom|altsyncram:rom_block|altsyncram_9f01:auto_generated ;
+---------------------------------+--------------------+------+----------------------------------------------------+
; Assignment                      ; Value              ; From ; To                                                 ;
+---------------------------------+--------------------+------+----------------------------------------------------+
; OPTIMIZE_POWER_DURING_SYNTHESIS ; NORMAL_COMPILATION ; -    ; -                                                  ;
+---------------------------------+--------------------+------+----------------------------------------------------+


+----------------------------------------------------------------+
; Parameter Settings for User Entity Instance: nbit2to1mux:PCmux ;
+----------------+-------+---------------------------------------+
; Parameter Name ; Value ; Type                                  ;
+----------------+-------+---------------------------------------+
; n              ; 8     ; Signed Integer                        ;
+----------------+-------+---------------------------------------+
Note: In order to hide this table in the UI and the text report file, please set the "Show Parameter Settings in Synthesis Report" option in "Analysis and Synthesis Settings -> More Settings" to "Off".


+------------------------------------------------------------+
; Parameter Settings for User Entity Instance: nbitreg:PCReg ;
+----------------+-------+-----------------------------------+
; Parameter Name ; Value ; Type                              ;
+----------------+-------+-----------------------------------+
; n              ; 8     ; Signed Integer                    ;
+----------------+-------+-----------------------------------+
Note: In order to hide this table in the UI and the text report file, please set the "Show Parameter Settings in Synthesis Report" option in "Analysis and Synthesis Settings -> More Settings" to "Off".


+--------------------------------------------------------------------------+
; Parameter Settings for User Entity Instance: nbitaddersubtractor:PCAdder ;
+----------------+-------+-------------------------------------------------+
; Parameter Name ; Value ; Type                                            ;
+----------------+-------+-------------------------------------------------+
; n              ; 8     ; Signed Integer                                  ;
+----------------+-------+-------------------------------------------------+
Note: In order to hide this table in the UI and the text report file, please set the "Show Parameter Settings in Synthesis Report" option in "Analysis and Synthesis Settings -> More Settings" to "Off".


+------------------------------------------------------------------------+
; Parameter Settings for User Entity Instance: lpm_rom:InstructionMemory ;
+------------------------+--------------+--------------------------------+
; Parameter Name         ; Value        ; Type                           ;
+------------------------+--------------+--------------------------------+
; LPM_WIDTH              ; 32           ; Signed Integer                 ;
; LPM_WIDTHAD            ; 6            ; Signed Integer                 ;
; LPM_NUMWORDS           ; 64           ; Untyped                        ;
; LPM_ADDRESS_CONTROL    ; REGISTERED   ; Untyped                        ;
; LPM_OUTDATA            ; UNREGISTERED ; Untyped                        ;
; LPM_FILE               ; rom_init.mif ; Untyped                        ;
; DEVICE_FAMILY          ; Cyclone IV E ; Untyped                        ;
; AUTO_CARRY_CHAINS      ; ON           ; AUTO_CARRY                     ;
; IGNORE_CARRY_BUFFERS   ; OFF          ; IGNORE_CARRY                   ;
; AUTO_CASCADE_CHAINS    ; ON           ; AUTO_CASCADE                   ;
; IGNORE_CASCADE_BUFFERS ; OFF          ; IGNORE_CASCADE                 ;
+------------------------+--------------+--------------------------------+
Note: In order to hide this table in the UI and the text report file, please set the "Show Parameter Settings in Synthesis Report" option in "Analysis and Synthesis Settings -> More Settings" to "Off".


+---------------------------------------------------------------+
; Parameter Settings for User Entity Instance: nbitreg:IFID_reg ;
+----------------+-------+--------------------------------------+
; Parameter Name ; Value ; Type                                 ;
+----------------+-------+--------------------------------------+
; n              ; 40    ; Signed Integer                       ;
+----------------+-------+--------------------------------------+
Note: In order to hide this table in the UI and the text report file, please set the "Show Parameter Settings in Synthesis Report" option in "Analysis and Synthesis Settings -> More Settings" to "Off".


+------------------------------------------------------------------------------------------------------------------+
; Port Connectivity Checks: "nbitreg:IFID_reg"                                                                     ;
+--------+--------+----------+-------------------------------------------------------------------------------------+
; Port   ; Type   ; Severity ; Details                                                                             ;
+--------+--------+----------+-------------------------------------------------------------------------------------+
; dout_b ; Output ; Info     ; Connected to dangling logic. Logic that only feeds a dangling port will be removed. ;
+--------+--------+----------+-------------------------------------------------------------------------------------+


+-------------------------------------------------------------------------------------------------------------------+
; Port Connectivity Checks: "nbitaddersubtractor:PCAdder"                                                           ;
+---------+--------+----------+-------------------------------------------------------------------------------------+
; Port    ; Type   ; Severity ; Details                                                                             ;
+---------+--------+----------+-------------------------------------------------------------------------------------+
; y[7..3] ; Input  ; Info     ; Stuck at GND                                                                        ;
; y[1..0] ; Input  ; Info     ; Stuck at GND                                                                        ;
; y[2]    ; Input  ; Info     ; Stuck at VCC                                                                        ;
; cin     ; Input  ; Info     ; Stuck at GND                                                                        ;
; cout    ; Output ; Info     ; Connected to dangling logic. Logic that only feeds a dangling port will be removed. ;
+---------+--------+----------+-------------------------------------------------------------------------------------+


+------------------------------------------------------------------------------------------------------------------+
; Port Connectivity Checks: "nbitreg:PCReg"                                                                        ;
+--------+--------+----------+-------------------------------------------------------------------------------------+
; Port   ; Type   ; Severity ; Details                                                                             ;
+--------+--------+----------+-------------------------------------------------------------------------------------+
; dout_b ; Output ; Info     ; Connected to dangling logic. Logic that only feeds a dangling port will be removed. ;
+--------+--------+----------+-------------------------------------------------------------------------------------+


+-------------------------------+
; Elapsed Time Per Partition    ;
+----------------+--------------+
; Partition Name ; Elapsed Time ;
+----------------+--------------+
; Top            ; 00:00:00     ;
+----------------+--------------+


+-------------------------------+
; Analysis & Synthesis Messages ;
+-------------------------------+
Info: *******************************************************************
Info: Running Quartus II 64-Bit Analysis & Synthesis
    Info: Version 13.1.0 Build 162 10/23/2013 SJ Web Edition
    Info: Processing started: Sat Jul 19 20:08:34 2025
Info: Command: quartus_map --read_settings_files=on --write_settings_files=off CEG3156-Lab3 -c CEG3156-Lab3
Warning (20028): Parallel compilation is not licensed and has been disabled
Info (12021): Found 2 design units, including 1 entities, in source file alucontrol.vhd
    Info (12022): Found design unit 1: alucontrol-struc
    Info (12023): Found entity 1: alucontrol
Info (12021): Found 2 design units, including 1 entities, in source file nbit4to1mux.vhd
    Info (12022): Found design unit 1: nbit4to1mux-behav
    Info (12023): Found entity 1: nbit4to1mux
Info (12021): Found 2 design units, including 1 entities, in source file nbitreg.vhd
    Info (12022): Found design unit 1: nbitreg-struc
    Info (12023): Found entity 1: nbitreg
Info (12021): Found 2 design units, including 1 entities, in source file nbitaddersubtractor.vhd
    Info (12022): Found design unit 1: nbitaddersubtractor-struc
    Info (12023): Found entity 1: nbitaddersubtractor
Info (12021): Found 2 design units, including 1 entities, in source file nbit2to1mux.vhd
    Info (12022): Found design unit 1: nbit2to1mux-behav
    Info (12023): Found entity 1: nbit2to1mux
Info (12021): Found 2 design units, including 1 entities, in source file fulladder.vhd
    Info (12022): Found design unit 1: fulladder-behav
    Info (12023): Found entity 1: fulladder
Info (12021): Found 2 design units, including 1 entities, in source file enardff_2.vhd
    Info (12022): Found design unit 1: enARdFF_2-rtl
    Info (12023): Found entity 1: enARdFF_2
Info (12021): Found 2 design units, including 1 entities, in source file eightbitalu.vhd
    Info (12022): Found design unit 1: eightbitalu-struc
    Info (12023): Found entity 1: eightbitalu
Info (12021): Found 2 design units, including 1 entities, in source file register_file.vhd
    Info (12022): Found design unit 1: register_file-rtl
    Info (12023): Found entity 1: register_file
Info (12021): Found 2 design units, including 1 entities, in source file pipeline_datapath.vhd
    Info (12022): Found design unit 1: pipeline_datapath-rtl
    Info (12023): Found entity 1: pipeline_datapath
Info (12021): Found 2 design units, including 1 entities, in source file if_stage.vhd
    Info (12022): Found design unit 1: IF_stage-rtl
    Info (12023): Found entity 1: IF_stage
Info (12127): Elaborating entity "IF_stage" for the top level hierarchy
Info (12128): Elaborating entity "nbit2to1mux" for hierarchy "nbit2to1mux:PCmux"
Info (12128): Elaborating entity "nbitreg" for hierarchy "nbitreg:PCReg"
Info (12128): Elaborating entity "enARdFF_2" for hierarchy "nbitreg:PCReg|enARdFF_2:\reg:7:biti"
Info (12128): Elaborating entity "nbitaddersubtractor" for hierarchy "nbitaddersubtractor:PCAdder"
Info (12128): Elaborating entity "fulladder" for hierarchy "nbitaddersubtractor:PCAdder|fulladder:FA0"
Info (12128): Elaborating entity "lpm_rom" for hierarchy "lpm_rom:InstructionMemory"
Info (12130): Elaborated megafunction instantiation "lpm_rom:InstructionMemory"
Info (12133): Instantiated megafunction "lpm_rom:InstructionMemory" with the following parameter:
    Info (12134): Parameter "LPM_WIDTH" = "32"
    Info (12134): Parameter "LPM_WIDTHAD" = "6"
    Info (12134): Parameter "LPM_FILE" = "rom_init.mif"
    Info (12134): Parameter "LPM_OUTDATA" = "UNREGISTERED"
Info (12128): Elaborating entity "altrom" for hierarchy "lpm_rom:InstructionMemory|altrom:srom"
Info (12131): Elaborated megafunction instantiation "lpm_rom:InstructionMemory|altrom:srom", which is child of megafunction instantiation "lpm_rom:InstructionMemory"
Info (12128): Elaborating entity "altsyncram" for hierarchy "lpm_rom:InstructionMemory|altrom:srom|altsyncram:rom_block"
Info (12131): Elaborated megafunction instantiation "lpm_rom:InstructionMemory|altrom:srom|altsyncram:rom_block", which is child of megafunction instantiation "lpm_rom:InstructionMemory"
Info (12021): Found 1 design units, including 1 entities, in source file db/altsyncram_9f01.tdf
    Info (12023): Found entity 1: altsyncram_9f01
Info (12128): Elaborating entity "altsyncram_9f01" for hierarchy "lpm_rom:InstructionMemory|altrom:srom|altsyncram:rom_block|altsyncram_9f01:auto_generated"
Critical Warning (127004): Memory depth (64) in the design file differs from memory depth (256) in the Memory Initialization File "C:/Users/harha/CEG3156-Lab3/rom_init.mif" -- truncated remaining initial content value to fit RAM
Info (12128): Elaborating entity "nbitreg" for hierarchy "nbitreg:IFID_reg"
Warning (13046): Tri-state node(s) do not directly drive top-level pin(s)
    Warning (13049): Converted tri-state buffer "lpm_rom:InstructionMemory|otri[31]" feeding internal logic into a wire
    Warning (13049): Converted tri-state buffer "lpm_rom:InstructionMemory|otri[30]" feeding internal logic into a wire
    Warning (13049): Converted tri-state buffer "lpm_rom:InstructionMemory|otri[29]" feeding internal logic into a wire
    Warning (13049): Converted tri-state buffer "lpm_rom:InstructionMemory|otri[28]" feeding internal logic into a wire
    Warning (13049): Converted tri-state buffer "lpm_rom:InstructionMemory|otri[27]" feeding internal logic into a wire
    Warning (13049): Converted tri-state buffer "lpm_rom:InstructionMemory|otri[26]" feeding internal logic into a wire
    Warning (13049): Converted tri-state buffer "lpm_rom:InstructionMemory|otri[25]" feeding internal logic into a wire
    Warning (13049): Converted tri-state buffer "lpm_rom:InstructionMemory|otri[24]" feeding internal logic into a wire
    Warning (13049): Converted tri-state buffer "lpm_rom:InstructionMemory|otri[23]" feeding internal logic into a wire
    Warning (13049): Converted tri-state buffer "lpm_rom:InstructionMemory|otri[22]" feeding internal logic into a wire
    Warning (13049): Converted tri-state buffer "lpm_rom:InstructionMemory|otri[21]" feeding internal logic into a wire
    Warning (13049): Converted tri-state buffer "lpm_rom:InstructionMemory|otri[20]" feeding internal logic into a wire
    Warning (13049): Converted tri-state buffer "lpm_rom:InstructionMemory|otri[19]" feeding internal logic into a wire
    Warning (13049): Converted tri-state buffer "lpm_rom:InstructionMemory|otri[18]" feeding internal logic into a wire
    Warning (13049): Converted tri-state buffer "lpm_rom:InstructionMemory|otri[17]" feeding internal logic into a wire
    Warning (13049): Converted tri-state buffer "lpm_rom:InstructionMemory|otri[16]" feeding internal logic into a wire
    Warning (13049): Converted tri-state buffer "lpm_rom:InstructionMemory|otri[15]" feeding internal logic into a wire
    Warning (13049): Converted tri-state buffer "lpm_rom:InstructionMemory|otri[14]" feeding internal logic into a wire
    Warning (13049): Converted tri-state buffer "lpm_rom:InstructionMemory|otri[13]" feeding internal logic into a wire
    Warning (13049): Converted tri-state buffer "lpm_rom:InstructionMemory|otri[12]" feeding internal logic into a wire
    Warning (13049): Converted tri-state buffer "lpm_rom:InstructionMemory|otri[11]" feeding internal logic into a wire
    Warning (13049): Converted tri-state buffer "lpm_rom:InstructionMemory|otri[10]" feeding internal logic into a wire
    Warning (13049): Converted tri-state buffer "lpm_rom:InstructionMemory|otri[9]" feeding internal logic into a wire
    Warning (13049): Converted tri-state buffer "lpm_rom:InstructionMemory|otri[8]" feeding internal logic into a wire
    Warning (13049): Converted tri-state buffer "lpm_rom:InstructionMemory|otri[7]" feeding internal logic into a wire
    Warning (13049): Converted tri-state buffer "lpm_rom:InstructionMemory|otri[6]" feeding internal logic into a wire
    Warning (13049): Converted tri-state buffer "lpm_rom:InstructionMemory|otri[5]" feeding internal logic into a wire
    Warning (13049): Converted tri-state buffer "lpm_rom:InstructionMemory|otri[4]" feeding internal logic into a wire
    Warning (13049): Converted tri-state buffer "lpm_rom:InstructionMemory|otri[3]" feeding internal logic into a wire
    Warning (13049): Converted tri-state buffer "lpm_rom:InstructionMemory|otri[2]" feeding internal logic into a wire
    Warning (13049): Converted tri-state buffer "lpm_rom:InstructionMemory|otri[1]" feeding internal logic into a wire
    Warning (13049): Converted tri-state buffer "lpm_rom:InstructionMemory|otri[0]" feeding internal logic into a wire
Info (286030): Timing-Driven Synthesis is running
Info (16010): Generating hard_block partition "hard_block:auto_generated_inst"
    Info (16011): Adding 0 node(s), including 0 DDIO, 0 PLL, 0 transceiver and 0 LCELL
Warning (21074): Design contains 1 input pin(s) that do not drive logic
    Warning (15610): No output dependent on input pin "IF_Flush"
Info (21057): Implemented 139 device resources after synthesis - the final resource count might be different
    Info (21058): Implemented 14 input pins
    Info (21059): Implemented 40 output pins
    Info (21061): Implemented 53 logic cells
    Info (21064): Implemented 32 RAM segments
Info: Quartus II 64-Bit Analysis & Synthesis was successful. 0 errors, 37 warnings
    Info: Peak virtual memory: 4703 megabytes
    Info: Processing ended: Sat Jul 19 20:08:37 2025
    Info: Elapsed time: 00:00:03
    Info: Total CPU time (on all processors): 00:00:02


